2020-1-21 13:12:02 auth...
2020-1-21 13:17:15 auth...
2020-1-21 15:06:57 auth...
2020-1-21 15:12:39 auth...
2020-1-21 15:14:57 auth...
2020-1-21 15:19:08 auth...
2020-1-21 15:30:57 auth...
2020-1-21 15:31:46 auth...
2020-1-21 15:47:08 auth...
2020-1-21 15:47:09 get orders...
2020-1-21 15:47:18 update orders status...
2020-1-21 15:50:48 auth...
2020-1-21 15:50:48 get orders...
2020-1-21 15:50:52 update orders status...
2020-1-21 15:50:52 Error [ERR_HTTP_HEADERS_SENT]: Cannot set headers after they are sent to the client
2020-1-21 15:52:21 auth...
2020-1-21 15:52:22 get orders...
2020-1-21 15:52:23 update orders status...
2020-1-21 15:54:24 update orders status...
2020-1-21 15:55:04 update orders status...
2020-1-21 15:55:58 auth...
2020-1-21 15:56:01 auth...
2020-1-21 15:56:02 get orders...
2020-1-21 15:56:05 update orders status...
2020-1-21 15:56:26 get orders...
2020-1-21 15:56:27 get orders...
2020-1-21 16:00:56 update orders status...
2020-1-21 16:19:16 auth...
2020-1-21 16:19:16 get orders...
2020-1-21 16:19:19 update orders status...
2020-1-21 16:27:31 auth...
2020-1-21 16:27:31 get orders...
2020-1-21 16:27:35 update orders status...
2020-1-21 16:28:41 update orders status...
2020-1-21 16:34:05 update orders status...
2020-1-21 16:35:31 update orders status...
2020-1-21 16:35:36 update orders status...
2020-1-21 16:36:08 update orders status...
2020-1-21 16:38:07 update orders status...
2020-1-21 16:38:30 update orders status...
2020-1-21 16:38:34 update orders status...
2020-1-21 16:39:44 auth...
2020-1-21 16:39:44 get orders...
2020-1-21 16:39:48 update orders status...
2020-1-21 16:41:28 update orders status...
2020-1-21 16:42:18 update orders status...
2020-1-21 16:42:52 update orders status...
2020-1-21 16:46:41 auth...
2020-1-21 16:46:41 get orders...
2020-1-21 16:46:44 update orders status...
2020-1-21 16:46:44 ReferenceError: code is not defined
2020-1-21 16:47:12 update orders status...
2020-1-21 16:47:48 update orders status...
2020-1-21 16:47:49 update orders status...
2020-1-21 16:48:26 update orders status...
2020-1-21 16:48:30 update orders status...
2020-1-21 16:49:04 update orders status...
2020-1-21 16:55:26 update orders status...
2020-1-21 16:57:00 update orders status...
2020-1-21 16:57:35 update orders status...
2020-1-21 16:59:35 update orders status...
2020-1-21 17:09:30 update orders status...
2020-1-21 17:11:30 update orders status...
2020-1-21 17:12:12 update orders status...
2020-1-21 17:14:12 update orders status...
2020-1-21 17:17:19 get orders...
2020-1-21 17:17:20 get orders...
2020-1-21 17:17:20 get orders...
2020-1-21 17:17:21 get orders...
2020-1-21 17:17:21 get orders...
2020-1-21 17:17:22 get orders...
2020-1-21 17:17:22 get orders...
2020-1-21 17:17:22 get orders...
2020-1-21 17:19:18 get orders...
2020-1-21 17:19:23 update orders status...
2020-1-21 17:19:25 get orders...
2020-1-21 17:19:26 get orders...
2020-1-21 17:19:27 get orders...
2020-1-21 17:19:27 get orders...
2020-1-21 17:20:52 update orders status...
2020-1-21 17:22:51 auth...
2020-1-21 17:22:52 get orders...
2020-1-21 17:22:55 update orders status...
2020-1-21 17:22:55 get orders...
2020-1-21 17:23:16 auth...
2020-1-21 17:23:17 get orders...
2020-1-21 17:30:38 auth...
2020-1-21 17:30:38 get orders...
2020-1-21 17:30:42 update orders status...
2020-1-21 17:30:42 get orders...
2020-1-21 17:30:53 update orders status...
2020-1-21 17:30:53 get orders...
2020-1-21 17:31:00 update orders status...
2020-1-21 17:31:00 get orders...
2020-1-21 17:31:02 update orders status...
2020-1-21 17:31:02 get orders...
2020-1-21 17:31:09 update orders status...
2020-1-21 17:31:09 get orders...
2020-1-21 17:31:29 auth...
2020-1-21 17:31:29 get orders...
2020-1-21 17:33:09 auth...
2020-1-21 17:33:10 get orders...
2020-1-21 17:33:19 update orders status...
2020-1-21 17:33:19 get orders...
2020-1-21 17:33:25 get orders...
2020-1-21 17:34:15 update orders status...
2020-1-21 17:34:15 get orders...
2020-1-21 17:34:44 update orders status...
2020-1-21 17:34:44 get orders...
2020-1-21 17:44:21 get orders...
2020-1-21 17:44:29 get orders...
2020-1-21 17:46:33 get orders...
2020-1-21 17:50:32 get orders...
2020-1-21 18:14:17 auth...
2020-1-21 18:14:17 get orders...
2020-1-21 18:14:59 auth...
2020-1-21 18:14:59 get orders...
2020-1-21 18:19:38 auth...
2020-1-21 18:19:38 get orders...
2020-1-21 18:19:44 update orders status...
2020-1-21 18:19:44 get orders...
2020-1-21 18:19:48 update orders status...
2020-1-21 18:19:48 get orders...
2020-1-21 18:19:50 update orders status...
2020-1-21 18:19:50 get orders...
2020-1-21 18:22:43 get orders...
2020-1-21 18:23:20 update orders status...
2020-1-21 18:23:20 get orders...
2020-1-21 18:23:24 update orders status...
2020-1-21 18:23:24 get orders...
2020-1-21 18:25:40 get orders...
2020-1-22 11:38:55 get orders...
2020-1-22 11:38:58 update orders status...
2020-1-22 11:38:58 get orders...
2020-1-22 11:39:00 update orders status...
2020-1-22 11:39:00 get orders...
2020-1-22 11:39:02 get orders...
2020-1-22 11:39:13 get orders...
2020-1-22 11:39:16 get orders...
2020-1-22 11:39:30 get orders...
2020-1-22 11:39:32 get orders...
2020-1-22 13:02:45 auth...
2020-1-22 13:03:05 auth...
2020-1-22 13:03:38 auth...
2020-1-22 13:03:44 auth...
2020-1-22 14:07:13 auth...
2020-1-22 14:08:07 auth...
2020-1-22 14:08:08 get orders...
2020-1-22 14:08:56 get orders...
2020-1-22 17:16:34 auth...
2020-1-22 17:16:34 get orders...
2020-1-22 17:16:45 get orders...
2020-1-23 10:41:29 get orders...
2020-1-23 10:41:39 auth...
2020-1-23 10:41:39 get orders...
2020-1-23 10:44:30 auth...
2020-1-23 10:44:30 get orders...
2020-1-23 10:44:54 get orders...
2020-1-23 10:44:59 get orders...
2020-1-23 10:47:06 auth...
2020-1-23 10:47:06 get orders...
2020-1-23 10:49:14 auth...
2020-1-23 10:49:15 get orders...
2020-1-23 10:49:20 get orders...
2020-1-23 10:49:33 auth...
2020-1-23 10:49:34 get orders...
2020-1-23 10:50:01 auth...
2020-1-23 10:50:01 get orders...
2020-1-23 10:50:04 get orders...
2020-1-23 10:50:18 auth...
2020-1-23 10:50:18 get orders...
2020-1-23 10:53:41 auth...
2020-1-23 10:53:41 get orders...
2020-1-23 10:56:47 auth...
2020-1-23 10:56:50 auth...
2020-1-23 10:56:50 get orders...
2020-1-23 10:58:03 auth...
2020-1-23 10:58:03 get orders...
2020-1-23 11:05:27 auth...
2020-1-23 11:05:27 get orders...
2020-1-23 11:18:03 auth...
2020-1-23 11:18:04 get orders...
2020-1-23 11:18:05 get service pages...
2020-1-23 11:20:26 auth...
2020-1-23 11:20:27 get orders...
2020-1-23 11:20:28 get service pages...
2020-1-23 11:23:40 auth...
2020-1-23 11:23:40 get orders...
2020-1-23 11:23:41 get service pages...
2020-1-23 11:24:51 auth...
2020-1-23 11:24:51 get orders...
2020-1-23 11:24:53 get service pages...
2020-1-23 11:26:20 auth...
2020-1-23 11:26:20 get orders...
2020-1-23 11:26:21 get service pages...
2020-1-23 11:26:51 auth...
2020-1-23 11:26:51 get orders...
2020-1-23 11:26:52 get service pages...
2020-1-23 11:30:37 auth...
2020-1-23 11:30:37 get orders...
2020-1-23 11:30:38 get service pages...
2020-1-23 11:31:02 auth...
2020-1-23 11:31:02 get orders...
2020-1-23 11:31:05 get service pages...
2020-1-23 11:32:28 auth...
2020-1-23 11:32:29 get orders...
2020-1-23 11:32:30 get service pages...
2020-1-23 11:34:09 auth...
2020-1-23 11:34:09 get orders...
2020-1-23 11:34:11 get service pages...
2020-1-23 11:34:54 auth...
2020-1-23 11:34:54 get orders...
2020-1-23 11:34:55 get service pages...
2020-1-23 11:43:44 auth...
2020-1-23 11:43:45 get orders...
2020-1-23 11:43:50 update orders status...
2020-1-23 11:43:50 get orders...
2020-1-23 11:43:53 update orders status...
2020-1-23 11:43:53 get orders...
2020-1-23 11:43:56 get service pages...
2020-1-23 11:45:03 auth...
2020-1-23 11:45:03 get orders...
2020-1-23 11:45:05 get service pages...
2020-1-23 11:47:11 auth...
2020-1-23 11:47:11 get orders...
2020-1-23 11:47:12 get service pages...
2020-1-23 11:52:20 auth...
2020-1-23 11:52:20 get orders...
2020-1-23 11:52:21 get service pages...
2020-1-23 11:52:55 auth...
2020-1-23 11:52:55 get orders...
2020-1-23 11:52:57 get service pages...
2020-1-23 12:02:05 auth...
2020-1-23 12:02:06 get orders...
2020-1-23 12:02:07 get service pages...
2020-1-23 12:03:13 auth...
2020-1-23 12:03:13 get orders...
2020-1-23 12:03:16 get service pages...
2020-1-23 12:06:30 auth...
2020-1-23 12:06:32 auth...
2020-1-23 12:06:33 get orders...
2020-1-23 12:06:34 get service pages...
2020-1-23 12:16:34 auth...
2020-1-23 12:16:35 get orders...
2020-1-23 12:16:37 get service pages...
2020-1-23 12:18:06 update page...[object Object]
2020-1-23 12:19:08 update page.../strijka-m
2020-1-23 12:19:32 auth...
2020-1-23 12:19:32 get orders...
2020-1-23 12:19:34 get service pages...
2020-1-23 12:19:38 update page.../strijka-m
2020-1-23 12:27:31 update page.../strijka-m
2020-1-23 12:27:31 AssertionError [ERR_ASSERTION]: Missing where attribute in the options parameter
2020-1-23 12:31:08 update page.../strijka-m
2020-1-23 12:32:04 auth...
2020-1-23 12:32:04 get orders...
2020-1-23 12:32:05 get service pages...
2020-1-23 12:34:18 auth...
2020-1-23 12:34:19 get orders...
2020-1-23 12:34:19 get service pages...
2020-1-23 12:34:59 auth...
2020-1-23 12:34:59 get orders...
2020-1-23 12:35:00 get service pages...
2020-1-23 12:37:09 auth...
2020-1-23 12:37:10 get orders...
2020-1-23 12:37:19 get service pages...
2020-1-23 12:37:45 update page.../strijka-m
2020-1-23 12:38:26 auth...
2020-1-23 12:38:26 get orders...
2020-1-23 12:38:27 get service pages...
2020-1-23 12:38:32 update page.../strijka-m
2020-1-23 12:38:55 update page.../strijka-m
2020-1-23 12:41:54 auth...
2020-1-23 12:41:54 get orders...
2020-1-23 12:41:55 get service pages...
2020-1-23 12:42:50 update page.../strijka-m
2020-1-23 12:42:50 get service pages...
2020-1-23 12:47:38 auth...
2020-1-23 12:47:38 get orders...
2020-1-23 12:47:40 get service pages...
2020-1-23 12:52:17 auth...
2020-1-23 12:52:17 get orders...
2020-1-23 12:52:19 get service pages...
2020-1-23 12:52:54 auth...
2020-1-23 12:52:54 get orders...
2020-1-23 12:52:56 get service pages...
2020-1-23 12:54:03 auth...
2020-1-23 12:54:03 get orders...
2020-1-23 12:54:04 get service pages...
2020-1-23 12:56:20 auth...
2020-1-23 12:56:20 get orders...
2020-1-23 12:56:21 get service pages...
2020-1-23 12:57:13 auth...
2020-1-23 12:57:13 get orders...
2020-1-23 12:57:14 get service pages...
2020-1-23 12:59:03 auth...
2020-1-23 12:59:03 get orders...
2020-1-23 12:59:04 get service pages...
2020-1-23 14:17:51 update page.../strijka-m
2020-1-23 14:17:51 get service pages...
2020-1-23 14:20:04 auth...
2020-1-23 14:20:04 get orders...
2020-1-23 14:20:07 get service pages...
2020-1-23 14:20:48 auth...
2020-1-23 14:20:49 get orders...
2020-1-23 14:20:51 get service pages...
2020-1-23 14:24:23 auth...
2020-1-23 14:24:23 get orders...
2020-1-23 14:24:25 get service pages...
2020-1-23 14:25:14 auth...
2020-1-23 14:25:14 get orders...
2020-1-23 14:25:17 get service pages...
2020-1-23 14:27:17 auth...
2020-1-23 14:27:18 get orders...
2020-1-23 14:27:19 get service pages...
2020-1-23 14:29:45 auth...
2020-1-23 14:29:45 get orders...
2020-1-23 14:29:46 get service pages...
2020-1-23 14:30:45 auth...
2020-1-23 14:30:45 get orders...
2020-1-23 14:30:47 get service pages...
2020-1-23 14:43:27 auth...
2020-1-23 14:43:27 get orders...
2020-1-23 14:43:28 get service pages...
2020-1-23 14:44:19 auth...
2020-1-23 14:44:20 get orders...
2020-1-23 14:44:20 get service pages...
2020-1-23 14:46:47 auth...
2020-1-23 14:46:47 get orders...
2020-1-23 14:46:48 get service pages...
2020-1-23 14:48:01 auth...
2020-1-23 14:48:01 get orders...
2020-1-23 14:48:02 get service pages...
2020-1-23 14:48:21 update page.../strijka-muj
2020-1-23 14:48:21 get service pages...
2020-1-23 14:48:43 update page.../strijka-m
2020-1-23 14:48:43 get service pages...
2020-1-23 14:49:24 auth...
2020-1-23 14:49:24 get orders...
2020-1-23 14:49:25 get service pages...
2020-1-23 14:49:28 update page.../strijka-msd
2020-1-23 14:49:28 get service pages...
2020-1-23 14:49:33 update page.../strijka-m
2020-1-23 14:49:33 get service pages...
2020-1-23 14:54:00 auth...
2020-1-23 14:54:01 get orders...
2020-1-23 14:54:02 get service pages...
2020-1-23 14:55:20 auth...
2020-1-23 14:55:20 get orders...
2020-1-23 14:55:21 get service pages...
2020-1-23 14:55:48 update page.../main
2020-1-23 14:55:48 get service pages...
2020-1-23 14:56:07 update page.../main
2020-1-23 14:56:07 get service pages...
2020-1-23 15:10:13 auth...
2020-1-23 15:10:13 get orders...
2020-1-23 15:10:26 update orders status...
2020-1-23 15:10:26 get orders...
2020-1-23 15:10:28 update orders status...
2020-1-23 15:10:28 get orders...
2020-1-23 15:10:37 get orders...
2020-1-23 15:10:38 get service pages...
2020-1-23 15:10:40 get service pages...
2020-1-23 15:11:15 get service pages...
2020-1-23 15:11:18 get orders...
2020-1-23 15:11:27 get service pages...
2020-1-23 15:15:40 auth...
2020-1-23 15:15:40 get orders...
2020-1-23 15:15:42 get service pages...
2020-1-23 15:16:13 update page...test
2020-1-23 15:16:13 get service pages...
2020-1-23 15:17:20 auth...
2020-1-23 15:17:20 get orders...
2020-1-23 15:17:21 get service pages...
2020-1-23 15:18:17 update page...test
2020-1-23 15:18:17 get service pages...
2020-1-23 15:19:13 update page...test
2020-1-23 15:19:13 get service pages...
2020-1-23 15:27:40 auth...
2020-1-23 15:27:40 get orders...
2020-1-23 15:27:41 get service pages...
2020-1-23 15:27:57 update page...test
2020-1-23 15:27:57 get service pages...
2020-1-23 15:30:48 auth...
2020-1-23 15:30:48 get orders...
2020-1-23 15:30:49 get service pages...
2020-1-23 15:31:03 create page...test
2020-1-23 15:31:03 get service pages...
2020-1-23 15:33:56 auth...
2020-1-23 15:33:58 auth...
2020-1-23 15:33:58 get orders...
2020-1-23 15:33:59 get service pages...
2020-1-23 15:34:14 create page...test
2020-1-23 15:34:14 get service pages...
2020-1-23 15:44:47 auth...
2020-1-23 15:44:47 get orders...
2020-1-23 15:44:48 get service pages...
2020-1-23 15:45:55 auth...
2020-1-23 15:45:55 get orders...
2020-1-23 15:45:56 get service pages...
2020-1-23 15:46:28 get service pages...
2020-1-23 15:47:53 auth...
2020-1-23 15:47:53 get orders...
2020-1-23 15:47:56 get service pages...
2020-1-23 15:47:59 get service pages...
2020-1-23 15:49:22 delete page...undefined
2020-1-23 15:49:22 get service pages...
2020-1-23 15:51:24 auth...
2020-1-23 15:51:24 get orders...
2020-1-23 15:51:25 get service pages...
2020-1-23 15:51:28 TypeError: Cannot read property 'page_name' of undefined
2020-1-23 15:51:28 get service pages...
2020-1-23 15:52:52 auth...
2020-1-23 15:52:52 get orders...
2020-1-23 15:52:53 get service pages...
2020-1-23 15:52:56 delete page...undefined
2020-1-23 15:52:56 TypeError: Cannot read property 'pageId' of undefined
2020-1-23 15:52:56 get service pages...
2020-1-23 15:53:46 auth...
2020-1-23 15:53:46 get orders...
2020-1-23 15:53:47 get service pages...
2020-1-23 15:53:49 delete page...5
2020-1-23 15:53:49 get service pages...
2020-1-23 16:01:58 auth...
2020-1-23 16:01:58 get orders...
2020-1-23 16:02:00 get service pages...
2020-1-23 16:02:58 get orders...
2020-1-23 16:02:59 get service pages...
2020-1-23 16:03:23 create page.../manik2
2020-1-23 16:03:23 get service pages...
2020-1-23 16:05:51 auth...
2020-1-23 16:05:51 get orders...
2020-1-23 16:05:52 get service pages...
2020-1-23 16:05:58 delete page...6
2020-1-23 16:05:58 get service pages...
2020-1-23 16:06:40 create page.../manik2
2020-1-23 16:06:40 get service pages...
2020-1-23 16:08:10 delete page...7
2020-1-23 16:08:10 get service pages...
2020-1-23 16:08:22 create page.../manik2
2020-1-23 16:08:22 get service pages...
2020-1-23 16:08:26 delete page...8
2020-1-23 16:08:26 get service pages...
2020-1-23 16:08:44 create page.../manik2
2020-1-23 16:08:44 get service pages...
2020-1-23 16:09:12 delete page...9
2020-1-23 16:09:12 get service pages...
2020-1-23 16:16:55 auth...
2020-1-23 16:16:55 get orders...
2020-1-23 16:16:57 get service pages...
2020-1-23 16:17:01 create page...
2020-1-23 16:17:01 get service pages...
2020-1-23 16:17:10 delete page...10
2020-1-23 16:17:10 get service pages...
2020-1-23 16:19:40 auth...
2020-1-23 16:19:41 get orders...
2020-1-23 16:19:42 get service pages...
2020-1-23 16:20:43 create page.../manik
2020-1-23 16:20:43 get service pages...
2020-1-23 16:22:15 auth...
2020-1-23 16:22:15 get orders...
2020-1-23 16:22:16 get service pages...
2020-1-23 16:22:19 delete page...11
2020-1-23 16:22:19 get service pages...
2020-1-23 16:22:24 update page.../manik2
2020-1-23 16:22:24 get service pages...
2020-1-23 16:22:28 update page.../manik
2020-1-23 16:22:28 get service pages...
2020-1-24 11:06:38 auth...
2020-1-24 11:06:38 get orders...
2020-1-24 11:06:40 get service pages...
2020-1-24 11:06:53 update page.../main
2020-1-24 11:06:53 get service pages...
2020-1-24 11:07:06 update page.../main
2020-1-24 11:07:06 get service pages...
2020-1-24 11:07:31 update page.../main
2020-1-24 11:07:31 get service pages...
2020-1-24 11:07:45 update page.../main
2020-1-24 11:07:45 get service pages...
2020-1-24 11:07:51 update page.../main
2020-1-24 11:07:51 get service pages...
2020-1-24 11:08:12 update page.../main
2020-1-24 11:08:12 get service pages...
2020-1-30 12:06:22 auth...
2020-1-30 12:06:22 get orders...
2020-1-30 12:06:29 get service pages...
2020-1-30 12:06:36 get orders...
2020-1-30 12:06:37 get service pages...
2020-1-30 12:06:48 get orders...
2020-1-30 12:09:05 auth...
2020-1-30 12:09:05 get orders...
2020-1-30 12:22:29 auth...
2020-1-30 12:22:29 get orders...
2020-1-30 12:22:30 get service pages...
2020-1-30 12:24:48 update page.../main
2020-1-30 12:24:48 get service pages...
2020-1-30 12:25:33 update page.../main
2020-1-30 12:25:33 get service pages...
2020-1-30 12:30:33 auth...
2020-1-30 12:30:33 get orders...
2020-1-30 12:30:34 get service pages...
2020-1-30 12:30:39 update page.../main
2020-1-30 12:30:39 get service pages...
2020-1-30 12:35:06 update page.../main
2020-1-30 12:35:06 get service pages...
2020-1-30 12:51:03 auth...
2020-1-30 12:51:03 get orders...
2020-1-30 12:51:05 get service pages...
2020-1-30 12:51:09 update page.../main
2020-1-30 12:51:09 get service pages...
2020-1-30 12:54:02 auth...
2020-1-30 12:54:03 get orders...
2020-1-30 12:54:04 get service pages...
2020-1-30 12:54:10 update page.../main
2020-1-30 12:54:10 get service pages...
2020-1-30 12:56:11 update page.../main
2020-1-30 12:56:11 get service pages...
2020-1-30 12:58:25 update page.../main
2020-1-30 12:58:25 get service pages...
2020-1-30 13:00:45 update page.../main
2020-1-30 13:00:45 get service pages...
2020-1-30 13:02:47 update page.../main
2020-1-30 13:02:47 get service pages...
2020-1-30 13:03:49 update page.../main
2020-1-30 13:03:49 get service pages...
2020-1-30 13:08:29 update page.../main
2020-1-30 13:08:29 get service pages...
2020-1-30 13:09:19 update page.../main
2020-1-30 13:09:19 get service pages...
2020-1-30 13:10:58 update page.../main
2020-1-30 13:10:58 get service pages...
2020-1-30 13:13:27 update page.../main
2020-1-30 13:13:27 get service pages...
2020-1-30 13:17:58 update page.../main
2020-1-30 13:17:59 get service pages...
2020-1-30 14:30:25 get orders...
2020-1-30 14:30:30 get service pages...
2020-1-30 14:31:50 get service pages...
2020-1-30 14:32:49 get service pages...
2020-1-30 14:33:02 get service pages...
2020-1-30 14:33:25 update page.../strijka-m
2020-1-30 14:33:25 get service pages...
2020-1-30 14:33:28 update page.../strijka-m
2020-1-30 14:33:28 get service pages...
2020-1-30 14:33:36 update page.../strijka-m
2020-1-30 14:33:37 get service pages...
2020-1-30 14:33:42 update page.../strijka-m
2020-1-30 14:33:42 get service pages...
2020-1-30 14:33:50 get service pages...
2020-1-30 14:42:41 auth...
2020-1-30 14:42:42 get orders...
2020-1-30 14:42:48 get service pages...
2020-1-30 14:43:00 get service pages...
2020-1-30 14:43:58 get service pages...
2020-1-30 14:49:47 auth...
2020-1-30 14:49:47 get orders...
2020-1-30 14:49:48 get service pages...
2020-1-30 14:51:22 auth...
2020-1-30 14:51:22 get orders...
2020-1-30 14:51:23 get service pages...
2020-1-30 14:53:16 auth...
2020-1-30 14:53:16 get orders...
2020-1-30 14:53:17 get service pages...
2020-1-30 14:55:34 auth...
2020-1-30 14:55:34 get orders...
2020-1-30 14:55:37 get service pages...
2020-1-30 14:57:56 auth...
2020-1-30 14:57:57 get orders...
2020-1-30 14:57:58 get service pages...
2020-1-30 14:59:01 auth...
2020-1-30 14:59:01 get orders...
2020-1-30 14:59:01 get service pages...
2020-1-30 15:11:15 auth...
2020-1-30 15:11:15 get orders...
2020-1-30 15:11:16 get service pages...
2020-1-30 15:12:04 auth...
2020-1-30 15:12:05 get orders...
2020-1-30 15:12:06 get service pages...
2020-1-30 15:13:08 auth...
2020-1-30 15:13:08 get orders...
2020-1-30 15:13:09 get service pages...
2020-1-30 15:13:14 upload bg...
2020-1-30 15:15:02 upload bg...
2020-1-30 15:17:57 upload bg...
2020-1-30 15:19:57 upload bg...
2020-1-30 15:22:36 upload bg...
2020-1-30 15:23:48 upload bg...
2020-1-30 15:24:23 upload bg...
2020-1-30 15:28:41 upload bg...
2020-1-30 15:29:09 upload bg...
2020-1-30 15:29:42 upload bg...
2020-1-30 15:30:21 upload bg...
2020-1-30 15:31:27 upload bg...
2020-1-30 15:31:53 upload bg...
2020-1-30 15:34:57 upload bg...
2020-1-30 15:35:48 upload bg...
2020-1-30 15:40:32 upload bg...
2020-1-30 15:43:58 upload bg...
2020-1-30 15:47:39 auth...
2020-1-30 15:47:39 get orders...
2020-1-30 15:47:40 get service pages...
2020-1-30 16:03:32 auth...
2020-1-30 16:03:33 get orders...
2020-1-30 16:03:34 get service pages...
2020-1-30 16:03:42 upload bg...
2020-1-30 16:06:19 upload bg...
2020-1-30 16:07:05 upload bg...
2020-1-30 16:16:44 upload bg...
2020-1-30 16:17:33 upload bg...
2020-1-30 16:19:21 upload bg...
2020-1-30 16:20:38 upload bg...
2020-1-30 16:21:40 upload bg...
2020-1-30 16:22:54 upload bg...
2020-1-30 16:28:16 get orders...
2020-1-30 16:28:18 get service pages...
2020-1-30 16:28:32 update page.../strijka-m
2020-1-30 16:28:32 get service pages...
2020-1-30 16:28:36 update page.../strijka-m
2020-1-30 16:28:36 get service pages...
2020-1-30 16:28:38 update page.../strijka-m
2020-1-30 16:28:38 get service pages...
2020-1-30 16:28:40 update page.../strijka-m
2020-1-30 16:28:40 get service pages...
2020-1-30 16:28:46 get orders...
2020-1-30 16:28:47 get service pages...
2020-1-31 14:52:51 auth...
2020-1-31 14:56:53 auth...
2020-1-31 14:57:41 auth...
2020-1-31 14:57:42 get orders...
2020-1-31 15:04:31 auth...
2020-1-31 15:04:31 get service pages...
2020-1-31 15:06:30 auth...
2020-1-31 15:06:30 get service pages...
2020-1-31 15:07:45 auth...
2020-1-31 15:07:45 get service pages...
2020-1-31 15:07:45 get orders...
2020-1-31 15:13:36 auth...
2020-1-31 15:13:36 get service pages...
2020-1-31 15:13:36 get orders...
2020-1-31 15:34:53 auth...
2020-1-31 15:34:53 get service pages...
2020-1-31 15:34:53 get orders...
2020-1-31 15:36:21 auth...
2020-1-31 15:36:21 get service pages...
2020-1-31 15:36:21 get orders...
2020-1-31 15:37:27 auth...
2020-1-31 15:37:27 get service pages...
2020-1-31 15:37:27 get orders...
2020-1-31 15:38:38 auth...
2020-1-31 15:38:38 get service pages...
2020-1-31 15:38:38 get orders...
2020-1-31 15:44:16 auth...
2020-1-31 15:44:16 get orders...
2020-1-31 15:44:23 get service pages...
2020-1-31 15:44:24 get orders...
2020-1-31 15:44:26 update orders status...
2020-1-31 15:44:26 get orders...
2020-1-31 15:44:28 get orders...
